#At time x process y state arr w total z remain y wait k
At time 1 process 1 started arr 1 total 3 remain 3 wait 6
At time 3 process 1 paused arr 1 total 3 remain 1 wait 0
At time 3 process 2 started arr 1 total 5 remain 5 wait 7
At time 5 process 2 paused arr 1 total 5 remain 3 wait 0
At time 5 process 3 started arr 1 total 8 remain 8 wait 6
At time 7 process 3 paused arr 1 total 8 remain 6 wait 0
At time 7 process 4 started arr 1 total 2 remain 2 wait 0
At time 9 process 4 finished arr 1 total 2 remain 0 wait 0 TA 8 WTA 4.00
At time 9 process 1 resumed arr 1 total 3 remain 1 wait 6
At time 10 process 1 finished arr 1 total 3 remain 0 wait 6 TA 9 WTA 3.00
At time 10 process 2 resumed arr 1 total 5 remain 3 wait 5
At time 12 process 2 paused arr 1 total 5 remain 1 wait 5
At time 12 process 3 resumed arr 1 total 8 remain 6 wait 5
At time 14 process 3 paused arr 1 total 8 remain 4 wait 5
At time 14 process 2 resumed arr 1 total 5 remain 1 wait 7
At time 15 process 2 finished arr 1 total 5 remain 0 wait 7 TA 14 WTA 2.80
At time 15 process 3 resumed arr 1 total 8 remain 4 wait 6
At time 17 process 3 paused arr 1 total 8 remain 2 wait 6
At time 17 process 3 resumed arr 1 total 8 remain 2 wait 6
At time 19 process 3 finished arr 1 total 8 remain 0 wait 6 TA 18 WTA 2.25
